<?xml version="1.0" encoding="UTF-8"?>
<testsuite xmlns:xsi="http://www.w3.org/2001/XMLSchema-instance" xsi:noNamespaceSchemaLocation="https://maven.apache.org/surefire/maven-surefire-plugin/xsd/surefire-test-report.xsd" version="3.0.2" name="com.example.sportsbook.PasswordEncoderTest" time="0.618" tests="1" errors="0" skipped="0" failures="0">
  <properties>
[...]
</properties>
  <testcase name="generateHash" classname="com.example.sportsbook.PasswordEncoderTest" time="0.595">
    <system-out><![CDATA[HASH: $2a$10$SMIj6VZi4/RGfydN3pIdZOhOpKLlRrJcxCGVKWtKyIqhWLxNXtm2C
]]></system-out>
  </testcase>
</testsuite>