<?xml version="1.0" encoding="UTF-8"?>
<testsuite xmlns:xsi="http://www.w3.org/2001/XMLSchema-instance" xsi:noNamespaceSchemaLocation="https://maven.apache.org/surefire/maven-surefire-plugin/xsd/surefire-test-report.xsd" version="3.0.2" name="com.example.sportsbook.SportsbookApplicationTests" time="7.068" tests="7" errors="0" skipped="0" failures="0">
  <properties>
[...]
</properties>
  <testcase name="registrationFailsForUnderage" classname="com.example.sportsbook.SportsbookApplicationTests" time="0.529">
    <system-out><![CDATA[11:49:45.603 [main] INFO org.springframework.test.context.support.AnnotationConfigContextLoaderUtils -- Could not detect default configuration classes for test class [com.example.sportsbook.SportsbookApplicationTests]: SportsbookApplicationTests does not declare any static, non-private, non-final, nested classes annotated with @Configuration.
11:49:45.692 [main] INFO org.springframework.boot.test.context.SpringBootTestContextBootstrapper -- Found @SpringBootConfiguration com.example.sportsbook.SportsbookApplication for test class com.example.sportsbook.SportsbookApplicationTests

  .   ____          _            __ _ _
 /\\ / ___'_ __ _ _(_)_ __  __ _ \ \ \ \
( ( )\___ | '_ | '_| | '_ \/ _` | \ \ \ \
 \\/  ___)| |_)| | | | | || (_| |  ) ) ) )
  '  |____| .__|_| |_|_| |_\__, | / / / /
 =========|_|==============|___/=/_/_/_/

 :: Spring Boot ::                (v3.4.0)

2026-06-12T11:49:46.227+03:00  INFO 13538 --- [sportsbook] [           main] c.e.s.SportsbookApplicationTests         : Starting SportsbookApplicationTests using Java 21.0.10 with PID 13538 (started by alex in /Users/alex/IdeaProjects/sportsbook)
2026-06-12T11:49:46.228+03:00  INFO 13538 --- [sportsbook] [           main] c.e.s.SportsbookApplicationTests         : The following 1 profile is active: "test"
2026-06-12T11:49:47.395+03:00  INFO 13538 --- [sportsbook] [           main] .s.d.r.c.RepositoryConfigurationDelegate : Bootstrapping Spring Data JPA repositories in DEFAULT mode.
2026-06-12T11:49:47.439+03:00  INFO 13538 --- [sportsbook] [           main] .s.d.r.c.RepositoryConfigurationDelegate : Finished Spring Data repository scanning in 31 ms. Found 4 JPA repository interfaces.
2026-06-12T11:49:47.984+03:00  INFO 13538 --- [sportsbook] [           main] o.s.b.w.embedded.tomcat.TomcatWebServer  : Tomcat initialized with port 0 (http)
2026-06-12T11:49:47.991+03:00  INFO 13538 --- [sportsbook] [           main] o.apache.catalina.core.StandardService   : Starting service [Tomcat]
2026-06-12T11:49:47.992+03:00  INFO 13538 --- [sportsbook] [           main] o.apache.catalina.core.StandardEngine    : Starting Servlet engine: [Apache Tomcat/10.1.33]
2026-06-12T11:49:48.067+03:00  INFO 13538 --- [sportsbook] [           main] o.a.c.c.C.[Tomcat].[localhost].[/]       : Initializing Spring embedded WebApplicationContext
2026-06-12T11:49:48.067+03:00  INFO 13538 --- [sportsbook] [           main] w.s.c.ServletWebServerApplicationContext : Root WebApplicationContext: initialization completed in 1790 ms
2026-06-12T11:49:48.289+03:00  INFO 13538 --- [sportsbook] [           main] com.zaxxer.hikari.HikariDataSource       : HikariPool-1 - Starting...
2026-06-12T11:49:48.391+03:00  INFO 13538 --- [sportsbook] [           main] com.zaxxer.hikari.pool.HikariPool        : HikariPool-1 - Added connection conn0: url=jdbc:h2:mem:testdb user=SA
2026-06-12T11:49:48.392+03:00  INFO 13538 --- [sportsbook] [           main] com.zaxxer.hikari.HikariDataSource       : HikariPool-1 - Start completed.
2026-06-12T11:49:48.428+03:00  INFO 13538 --- [sportsbook] [           main] liquibase.database                       : Set default schema name to PUBLIC
2026-06-12T11:49:48.739+03:00  INFO 13538 --- [sportsbook] [           main] liquibase.changelog                      : Creating database history table with name: PUBLIC.DATABASECHANGELOG
2026-06-12T11:49:48.814+03:00  INFO 13538 --- [sportsbook] [           main] liquibase.changelog                      : Reading from PUBLIC.DATABASECHANGELOG
2026-06-12T11:49:48.876+03:00  INFO 13538 --- [sportsbook] [           main] liquibase.lockservice                    : Successfully acquired change log lock
2026-06-12T11:49:48.877+03:00  INFO 13538 --- [sportsbook] [           main] liquibase.command                        : Using deploymentId: 1254188877
2026-06-12T11:49:48.878+03:00  INFO 13538 --- [sportsbook] [           main] liquibase.changelog                      : Reading from PUBLIC.DATABASECHANGELOG
2026-06-12T11:49:48.900+03:00  INFO 13538 --- [sportsbook] [           main] liquibase.ui                             : Running Changeset: db/changelog/migrations/001-create-users-and-roles.xml::20260611-1::alex
2026-06-12T11:49:48.907+03:00  INFO 13538 --- [sportsbook] [           main] liquibase.changelog                      : Table roles created
2026-06-12T11:49:48.909+03:00  INFO 13538 --- [sportsbook] [           main] liquibase.changelog                      : Table users created
2026-06-12T11:49:48.910+03:00  INFO 13538 --- [sportsbook] [           main] liquibase.changelog                      : Table user_roles created
2026-06-12T11:49:48.911+03:00  INFO 13538 --- [sportsbook] [           main] liquibase.changelog                      : Primary key added to user_roles (user_id, role_id)
2026-06-12T11:49:48.914+03:00  INFO 13538 --- [sportsbook] [           main] liquibase.changelog                      : Foreign key constraint added to user_roles (user_id)
2026-06-12T11:49:48.915+03:00  INFO 13538 --- [sportsbook] [           main] liquibase.changelog                      : Foreign key constraint added to user_roles (role_id)
2026-06-12T11:49:48.915+03:00  INFO 13538 --- [sportsbook] [           main] liquibase.changelog                      : ChangeSet db/changelog/migrations/001-create-users-and-roles.xml::20260611-1::alex ran successfully in 13ms
2026-06-12T11:49:48.920+03:00  INFO 13538 --- [sportsbook] [           main] liquibase.ui                             : Running Changeset: db/changelog/migrations/001-create-users-and-roles.xml::20260611-2::alex
2026-06-12T11:49:48.921+03:00  INFO 13538 --- [sportsbook] [           main] liquibase.changelog                      : New row inserted into roles
2026-06-12T11:49:48.922+03:00  INFO 13538 --- [sportsbook] [           main] liquibase.changelog                      : New row inserted into roles
2026-06-12T11:49:48.922+03:00  INFO 13538 --- [sportsbook] [           main] liquibase.changelog                      : New row inserted into roles
2026-06-12T11:49:48.923+03:00  INFO 13538 --- [sportsbook] [           main] liquibase.changelog                      : New row inserted into roles
2026-06-12T11:49:48.923+03:00  INFO 13538 --- [sportsbook] [           main] liquibase.changelog                      : New row inserted into roles
2026-06-12T11:49:48.924+03:00  INFO 13538 --- [sportsbook] [           main] liquibase.changelog                      : New row inserted into users
2026-06-12T11:49:48.924+03:00  INFO 13538 --- [sportsbook] [           main] liquibase.changelog                      : New row inserted into users
2026-06-12T11:49:48.925+03:00  INFO 13538 --- [sportsbook] [           main] liquibase.changelog                      : New row inserted into user_roles
2026-06-12T11:49:48.926+03:00  INFO 13538 --- [sportsbook] [           main] liquibase.changelog                      : New row inserted into user_roles
2026-06-12T11:49:48.926+03:00  INFO 13538 --- [sportsbook] [           main] liquibase.changelog                      : ChangeSet db/changelog/migrations/001-create-users-and-roles.xml::20260611-2::alex ran successfully in 6ms
2026-06-12T11:49:48.928+03:00  INFO 13538 --- [sportsbook] [           main] liquibase.ui                             : Running Changeset: db/changelog/migrations/002-add-test-status-users.xml::20260611-3::alex
2026-06-12T11:49:48.929+03:00  INFO 13538 --- [sportsbook] [           main] liquibase.changelog                      : New row inserted into users
2026-06-12T11:49:48.929+03:00  INFO 13538 --- [sportsbook] [           main] liquibase.changelog                      : New row inserted into users
2026-06-12T11:49:48.930+03:00  INFO 13538 --- [sportsbook] [           main] liquibase.changelog                      : New row inserted into user_roles
2026-06-12T11:49:48.931+03:00  INFO 13538 --- [sportsbook] [           main] liquibase.changelog                      : New row inserted into user_roles
2026-06-12T11:49:48.931+03:00  INFO 13538 --- [sportsbook] [           main] liquibase.changelog                      : ChangeSet db/changelog/migrations/002-add-test-status-users.xml::20260611-3::alex ran successfully in 3ms
2026-06-12T11:49:48.932+03:00  INFO 13538 --- [sportsbook] [           main] liquibase.ui                             : Running Changeset: db/changelog/migrations/003-add-expired-user.xml::20260611-4::alex
2026-06-12T11:49:48.933+03:00  INFO 13538 --- [sportsbook] [           main] liquibase.changelog                      : New row inserted into users
2026-06-12T11:49:48.934+03:00  INFO 13538 --- [sportsbook] [           main] liquibase.changelog                      : New row inserted into user_roles
2026-06-12T11:49:48.934+03:00  INFO 13538 --- [sportsbook] [           main] liquibase.changelog                      : ChangeSet db/changelog/migrations/003-add-expired-user.xml::20260611-4::alex ran successfully in 2ms
2026-06-12T11:49:48.936+03:00  INFO 13538 --- [sportsbook] [           main] liquibase.ui                             : Running Changeset: db/changelog/migrations/004-add-admin-user.xml::20260611-5::alex
2026-06-12T11:49:48.937+03:00  INFO 13538 --- [sportsbook] [           main] liquibase.changelog                      : New row inserted into users
2026-06-12T11:49:48.938+03:00  INFO 13538 --- [sportsbook] [           main] liquibase.changelog                      : New row inserted into user_roles
2026-06-12T11:49:48.945+03:00  INFO 13538 --- [sportsbook] [           main] liquibase.changelog                      : ChangeSet db/changelog/migrations/004-add-admin-user.xml::20260611-5::alex ran successfully in 1ms
2026-06-12T11:49:48.947+03:00  INFO 13538 --- [sportsbook] [           main] liquibase.ui                             : Running Changeset: db/changelog/migrations/005-create-wallet-and-ledger.xml::005-create-wallets::alex
2026-06-12T11:49:48.950+03:00  INFO 13538 --- [sportsbook] [           main] liquibase.changelog                      : Table wallets created
2026-06-12T11:49:48.951+03:00  INFO 13538 --- [sportsbook] [           main] liquibase.changelog                      : Index idx_wallet_user_id created
2026-06-12T11:49:48.951+03:00  INFO 13538 --- [sportsbook] [           main] liquibase.changelog                      : ChangeSet db/changelog/migrations/005-create-wallet-and-ledger.xml::005-create-wallets::alex ran successfully in 3ms
2026-06-12T11:49:48.953+03:00  INFO 13538 --- [sportsbook] [           main] liquibase.ui                             : Running Changeset: db/changelog/migrations/005-create-wallet-and-ledger.xml::006-create-wallet-entries::alex
2026-06-12T11:49:48.957+03:00  INFO 13538 --- [sportsbook] [           main] liquibase.changelog                      : Table wallet_entries created
2026-06-12T11:49:48.958+03:00  INFO 13538 --- [sportsbook] [           main] liquibase.changelog                      : Index idx_entry_wallet_id created
2026-06-12T11:49:48.958+03:00  INFO 13538 --- [sportsbook] [           main] liquibase.changelog                      : Index idx_entry_idempotency created
2026-06-12T11:49:48.958+03:00  INFO 13538 --- [sportsbook] [           main] liquibase.changelog                      : ChangeSet db/changelog/migrations/005-create-wallet-and-ledger.xml::006-create-wallet-entries::alex ran successfully in 5ms
2026-06-12T11:49:48.963+03:00  INFO 13538 --- [sportsbook] [           main] liquibase.util                           : UPDATE SUMMARY
2026-06-12T11:49:48.963+03:00  INFO 13538 --- [sportsbook] [           main] liquibase.util                           : Run:                          7
2026-06-12T11:49:48.963+03:00  INFO 13538 --- [sportsbook] [           main] liquibase.util                           : Previously run:               0
2026-06-12T11:49:48.963+03:00  INFO 13538 --- [sportsbook] [           main] liquibase.util                           : Filtered out:                 0
2026-06-12T11:49:48.963+03:00  INFO 13538 --- [sportsbook] [           main] liquibase.util                           : -------------------------------
2026-06-12T11:49:48.963+03:00  INFO 13538 --- [sportsbook] [           main] liquibase.util                           : Total change sets:            7
2026-06-12T11:49:48.964+03:00  INFO 13538 --- [sportsbook] [           main] liquibase.util                           : Update summary generated
2026-06-12T11:49:48.965+03:00  INFO 13538 --- [sportsbook] [           main] liquibase.command                        : Update command completed successfully.
2026-06-12T11:49:48.965+03:00  INFO 13538 --- [sportsbook] [           main] liquibase.ui                             : Liquibase: Update has been successful. Rows affected: 24
2026-06-12T11:49:48.966+03:00  INFO 13538 --- [sportsbook] [           main] liquibase.lockservice                    : Successfully released change log lock
2026-06-12T11:49:48.966+03:00  INFO 13538 --- [sportsbook] [           main] liquibase.command                        : Command execution complete
2026-06-12T11:49:49.038+03:00  INFO 13538 --- [sportsbook] [           main] o.hibernate.jpa.internal.util.LogHelper  : HHH000204: Processing PersistenceUnitInfo [name: default]
2026-06-12T11:49:49.070+03:00  INFO 13538 --- [sportsbook] [           main] org.hibernate.Version                    : HHH000412: Hibernate ORM core version 6.6.2.Final
2026-06-12T11:49:49.088+03:00  INFO 13538 --- [sportsbook] [           main] o.h.c.internal.RegionFactoryInitiator    : HHH000026: Second-level cache disabled
2026-06-12T11:49:49.272+03:00  INFO 13538 --- [sportsbook] [           main] o.s.o.j.p.SpringPersistenceUnitInfo      : No LoadTimeWeaver setup: ignoring JPA class transformer
2026-06-12T11:49:49.338+03:00  INFO 13538 --- [sportsbook] [           main] org.hibernate.orm.connections.pooling    : HHH10001005: Database info:
	Database JDBC URL [Connecting through datasource 'HikariDataSource (HikariPool-1)']
	Database driver: undefined/unknown
	Database version: 2.3.232
	Autocommit mode: undefined/unknown
	Isolation level: undefined/unknown
	Minimum pool size: undefined/unknown
	Maximum pool size: undefined/unknown
2026-06-12T11:49:49.876+03:00  INFO 13538 --- [sportsbook] [           main] o.h.e.t.j.p.i.JtaPlatformInitiator       : HHH000489: No JTA platform available (set 'hibernate.transaction.jta.platform' to enable JTA platform integration)
2026-06-12T11:49:49.890+03:00  INFO 13538 --- [sportsbook] [           main] j.LocalContainerEntityManagerFactoryBean : Initialized JPA EntityManagerFactory for persistence unit 'default'
2026-06-12T11:49:50.275+03:00  INFO 13538 --- [sportsbook] [           main] r$InitializeUserDetailsManagerConfigurer : Global AuthenticationManager configured with UserDetailsService bean with name customUserDetailsService
2026-06-12T11:49:50.380+03:00  WARN 13538 --- [sportsbook] [           main] JpaBaseConfiguration$JpaWebConfiguration : spring.jpa.open-in-view is enabled by default. Therefore, database queries may be performed during view rendering. Explicitly configure spring.jpa.open-in-view to disable this warning
2026-06-12T11:49:50.742+03:00  INFO 13538 --- [sportsbook] [           main] o.s.b.a.e.web.EndpointLinksResolver      : Exposing 3 endpoints beneath base path '/actuator'
2026-06-12T11:49:51.199+03:00  INFO 13538 --- [sportsbook] [           main] o.s.b.w.embedded.tomcat.TomcatWebServer  : Tomcat started on port 53071 (http) with context path '/'
2026-06-12T11:49:51.212+03:00  INFO 13538 --- [sportsbook] [           main] c.e.s.SportsbookApplicationTests         : Started SportsbookApplicationTests in 5.389 seconds (process running for 6.0)
2026-06-12T11:49:51.267+03:00  INFO 13538 --- [sportsbook] [           main] c.e.sportsbook.SportsbookApplication     : Sportsbook Application started. Version: 0.0.1
2026-06-12T11:49:51.679+03:00  INFO 13538 --- [sportsbook] [o-auto-1-exec-1] o.a.c.c.C.[Tomcat].[localhost].[/]       : Initializing Spring DispatcherServlet 'dispatcherServlet'
2026-06-12T11:49:51.679+03:00  INFO 13538 --- [sportsbook] [o-auto-1-exec-1] o.s.web.servlet.DispatcherServlet        : Initializing Servlet 'dispatcherServlet'
2026-06-12T11:49:51.680+03:00  INFO 13538 --- [sportsbook] [o-auto-1-exec-1] o.s.web.servlet.DispatcherServlet        : Completed initialization in 1 ms
]]></system-out>
    <system-err><![CDATA[Mockito is currently self-attaching to enable the inline-mock-maker. This will no longer work in future releases of the JDK. Please add Mockito as an agent to your build what is described in Mockito's documentation: https://javadoc.io/doc/org.mockito/mockito-core/latest/org/mockito/Mockito.html#0.3
WARNING: A Java agent has been loaded dynamically (/Users/alex/.m2/repository/net/bytebuddy/byte-buddy-agent/1.15.10/byte-buddy-agent-1.15.10.jar)
WARNING: If a serviceability tool is in use, please run with -XX:+EnableDynamicAgentLoading to hide this warning
WARNING: If a serviceability tool is not in use, please run with -Djdk.instrument.traceUsage for more information
WARNING: Dynamic loading of agents will be disallowed by default in a future release
]]></system-err>
  </testcase>
  <testcase name="healthCheckReturnsUpWithoutAuth" classname="com.example.sportsbook.SportsbookApplicationTests" time="0.012"/>
  <testcase name="adminEndpointAccessibleByAdmin" classname="com.example.sportsbook.SportsbookApplicationTests" time="0.439">
    <system-out><![CDATA[Hibernate: 
    select
        u1_0.id,
        u1_0.created_at,
        u1_0.email,
        u1_0.email_verified,
        u1_0.kyc_status,
        u1_0.password_hash,
        u1_0.phone_verified,
        u1_0.status,
        u1_0.updated_at,
        u1_0.version 
    from
        users u1_0 
    where
        u1_0.email=?
Hibernate: 
    select
        r1_0.user_id,
        r1_1.id,
        r1_1.name 
    from
        user_roles r1_0 
    join
        roles r1_1 
            on r1_1.id=r1_0.role_id 
    where
        r1_0.user_id=?
Hibernate: 
    select
        u1_0.id,
        u1_0.created_at,
        u1_0.email,
        u1_0.email_verified,
        u1_0.kyc_status,
        u1_0.password_hash,
        u1_0.phone_verified,
        u1_0.status,
        u1_0.updated_at,
        u1_0.version 
    from
        users u1_0 
    where
        u1_0.email=?
Hibernate: 
    select
        r1_0.user_id,
        r1_1.id,
        r1_1.name 
    from
        user_roles r1_0 
    join
        roles r1_1 
            on r1_1.id=r1_0.role_id 
    where
        r1_0.user_id=?
Hibernate: 
    select
        u1_0.id,
        u1_0.created_at,
        u1_0.email,
        u1_0.email_verified,
        u1_0.kyc_status,
        u1_0.password_hash,
        u1_0.phone_verified,
        u1_0.status,
        u1_0.updated_at,
        u1_0.version 
    from
        users u1_0
Hibernate: 
    select
        r1_0.user_id,
        r1_1.id,
        r1_1.name 
    from
        user_roles r1_0 
    join
        roles r1_1 
            on r1_1.id=r1_0.role_id 
    where
        r1_0.user_id=?
Hibernate: 
    select
        r1_0.user_id,
        r1_1.id,
        r1_1.name 
    from
        user_roles r1_0 
    join
        roles r1_1 
            on r1_1.id=r1_0.role_id 
    where
        r1_0.user_id=?
Hibernate: 
    select
        r1_0.user_id,
        r1_1.id,
        r1_1.name 
    from
        user_roles r1_0 
    join
        roles r1_1 
            on r1_1.id=r1_0.role_id 
    where
        r1_0.user_id=?
Hibernate: 
    select
        r1_0.user_id,
        r1_1.id,
        r1_1.name 
    from
        user_roles r1_0 
    join
        roles r1_1 
            on r1_1.id=r1_0.role_id 
    where
        r1_0.user_id=?
Hibernate: 
    select
        r1_0.user_id,
        r1_1.id,
        r1_1.name 
    from
        user_roles r1_0 
    join
        roles r1_1 
            on r1_1.id=r1_0.role_id 
    where
        r1_0.user_id=?
Hibernate: 
    select
        r1_0.user_id,
        r1_1.id,
        r1_1.name 
    from
        user_roles r1_0 
    join
        roles r1_1 
            on r1_1.id=r1_0.role_id 
    where
        r1_0.user_id=?
]]></system-out>
  </testcase>
  <testcase name="meEndpointReturnsCurrentUser" classname="com.example.sportsbook.SportsbookApplicationTests" time="0.094">
    <system-out><![CDATA[Hibernate: 
    select
        u1_0.id,
        u1_0.created_at,
        u1_0.email,
        u1_0.email_verified,
        u1_0.kyc_status,
        u1_0.password_hash,
        u1_0.phone_verified,
        u1_0.status,
        u1_0.updated_at,
        u1_0.version 
    from
        users u1_0 
    where
        u1_0.email=?
Hibernate: 
    select
        r1_0.user_id,
        r1_1.id,
        r1_1.name 
    from
        user_roles r1_0 
    join
        roles r1_1 
            on r1_1.id=r1_0.role_id 
    where
        r1_0.user_id=?
Hibernate: 
    select
        u1_0.id,
        u1_0.created_at,
        u1_0.email,
        u1_0.email_verified,
        u1_0.kyc_status,
        u1_0.password_hash,
        u1_0.phone_verified,
        u1_0.status,
        u1_0.updated_at,
        u1_0.version 
    from
        users u1_0 
    where
        u1_0.email=?
Hibernate: 
    select
        r1_0.user_id,
        r1_1.id,
        r1_1.name 
    from
        user_roles r1_0 
    join
        roles r1_1 
            on r1_1.id=r1_0.role_id 
    where
        r1_0.user_id=?
Hibernate: 
    select
        u1_0.id,
        u1_0.created_at,
        u1_0.email,
        u1_0.email_verified,
        u1_0.kyc_status,
        u1_0.password_hash,
        u1_0.phone_verified,
        u1_0.status,
        u1_0.updated_at,
        u1_0.version 
    from
        users u1_0 
    where
        u1_0.email=?
Hibernate: 
    select
        r1_0.user_id,
        r1_1.id,
        r1_1.name 
    from
        user_roles r1_0 
    join
        roles r1_1 
            on r1_1.id=r1_0.role_id 
    where
        r1_0.user_id=?
]]></system-out>
  </testcase>
  <testcase name="contextLoads" classname="com.example.sportsbook.SportsbookApplicationTests" time="0.003"/>
  <testcase name="registrationWorksWithValidData" classname="com.example.sportsbook.SportsbookApplicationTests" time="0.112">
    <system-out><![CDATA[Hibernate: 
    select
        u1_0.id,
        u1_0.created_at,
        u1_0.email,
        u1_0.email_verified,
        u1_0.kyc_status,
        u1_0.password_hash,
        u1_0.phone_verified,
        u1_0.status,
        u1_0.updated_at,
        u1_0.version 
    from
        users u1_0 
    where
        u1_0.email=?
Hibernate: 
    select
        r1_0.id,
        r1_0.name 
    from
        roles r1_0 
    where
        r1_0.name=?
Hibernate: 
    insert 
    into
        users
        (created_at, email, email_verified, kyc_status, password_hash, phone_verified, status, updated_at, version, id) 
    values
        (?, ?, ?, ?, ?, ?, ?, ?, ?, default)
Hibernate: 
    insert 
    into
        wallets
        (available_balance, currency, reserved_balance, user_id, version, id) 
    values
        (?, ?, ?, ?, ?, default)
Hibernate: 
    insert 
    into
        user_roles
        (user_id, role_id) 
    values
        (?, ?)
]]></system-out>
  </testcase>
  <testcase name="adminEndpointForbiddenForPlayer" classname="com.example.sportsbook.SportsbookApplicationTests" time="0.103">
    <system-out><![CDATA[Hibernate: 
    select
        u1_0.id,
        u1_0.created_at,
        u1_0.email,
        u1_0.email_verified,
        u1_0.kyc_status,
        u1_0.password_hash,
        u1_0.phone_verified,
        u1_0.status,
        u1_0.updated_at,
        u1_0.version 
    from
        users u1_0 
    where
        u1_0.email=?
Hibernate: 
    select
        r1_0.user_id,
        r1_1.id,
        r1_1.name 
    from
        user_roles r1_0 
    join
        roles r1_1 
            on r1_1.id=r1_0.role_id 
    where
        r1_0.user_id=?
Hibernate: 
    select
        u1_0.id,
        u1_0.created_at,
        u1_0.email,
        u1_0.email_verified,
        u1_0.kyc_status,
        u1_0.password_hash,
        u1_0.phone_verified,
        u1_0.status,
        u1_0.updated_at,
        u1_0.version 
    from
        users u1_0 
    where
        u1_0.email=?
Hibernate: 
    select
        r1_0.user_id,
        r1_1.id,
        r1_1.name 
    from
        user_roles r1_0 
    join
        roles r1_1 
            on r1_1.id=r1_0.role_id 
    where
        r1_0.user_id=?
]]></system-out>
  </testcase>
</testsuite>