<?xml version="1.0" encoding="UTF-8"?>
<testsuite xmlns:xsi="http://www.w3.org/2001/XMLSchema-instance" xsi:noNamespaceSchemaLocation="https://maven.apache.org/surefire/maven-surefire-plugin/xsd/surefire-test-report.xsd" version="3.0.2" name="com.example.sportsbook.wallet.WalletIntegrationTests" time="1.074" tests="5" errors="0" skipped="0" failures="0">
  <properties>
[...]
</properties>
  <testcase name="withdrawFailsIfInsufficientFunds" classname="com.example.sportsbook.wallet.WalletIntegrationTests" time="0.245">
    <system-out><![CDATA[2026-06-12T11:40:57.906+03:00  INFO 13129 --- [sportsbook] [           main] t.c.s.AnnotationConfigContextLoaderUtils : Could not detect default configuration classes for test class [com.example.sportsbook.wallet.WalletIntegrationTests]: WalletIntegrationTests does not declare any static, non-private, non-final, nested classes annotated with @Configuration.
2026-06-12T11:40:57.917+03:00  INFO 13129 --- [sportsbook] [           main] .b.t.c.SpringBootTestContextBootstrapper : Found @SpringBootConfiguration com.example.sportsbook.SportsbookApplication for test class com.example.sportsbook.wallet.WalletIntegrationTests
Hibernate: 
    select
        u1_0.id,
        u1_0.created_at,
        u1_0.email,
        u1_0.email_verified,
        u1_0.kyc_status,
        u1_0.password_hash,
        u1_0.phone_verified,
        u1_0.status,
        u1_0.updated_at,
        u1_0.version 
    from
        users u1_0 
    where
        u1_0.email=?
Hibernate: 
    select
        r1_0.id,
        r1_0.name 
    from
        roles r1_0 
    where
        r1_0.name=?
Hibernate: 
    insert 
    into
        users
        (created_at, email, email_verified, kyc_status, password_hash, phone_verified, status, updated_at, version, id) 
    values
        (?, ?, ?, ?, ?, ?, ?, ?, ?, default)
Hibernate: 
    insert 
    into
        wallets
        (available_balance, currency, reserved_balance, user_id, version, id) 
    values
        (?, ?, ?, ?, ?, default)
Hibernate: 
    insert 
    into
        user_roles
        (user_id, role_id) 
    values
        (?, ?)
Hibernate: 
    select
        u1_0.id,
        u1_0.created_at,
        u1_0.email,
        u1_0.email_verified,
        u1_0.kyc_status,
        u1_0.password_hash,
        u1_0.phone_verified,
        u1_0.status,
        u1_0.updated_at,
        u1_0.version 
    from
        users u1_0 
    where
        u1_0.email=?
Hibernate: 
    select
        r1_0.user_id,
        r1_1.id,
        r1_1.name 
    from
        user_roles r1_0 
    join
        roles r1_1 
            on r1_1.id=r1_0.role_id 
    where
        r1_0.user_id=?
Hibernate: 
    select
        u1_0.id,
        u1_0.created_at,
        u1_0.email,
        u1_0.email_verified,
        u1_0.kyc_status,
        u1_0.password_hash,
        u1_0.phone_verified,
        u1_0.status,
        u1_0.updated_at,
        u1_0.version 
    from
        users u1_0 
    where
        u1_0.email=?
Hibernate: 
    select
        r1_0.user_id,
        r1_1.id,
        r1_1.name 
    from
        user_roles r1_0 
    join
        roles r1_1 
            on r1_1.id=r1_0.role_id 
    where
        r1_0.user_id=?
Hibernate: 
    select
        we1_0.id,
        we1_0.amount,
        we1_0.balance_after,
        we1_0.created_at,
        we1_0.idempotency_key,
        we1_0.reference_id,
        we1_0.reference_type,
        we1_0.type,
        we1_0.wallet_id 
    from
        wallet_entries we1_0 
    where
        we1_0.idempotency_key=?
Hibernate: 
    select
        w1_0.id,
        w1_0.available_balance,
        w1_0.currency,
        w1_0.reserved_balance,
        w1_0.user_id,
        w1_0.version 
    from
        wallets w1_0 
    where
        w1_0.user_id=?
]]></system-out>
  </testcase>
  <testcase name="depositIncreasesBalance" classname="com.example.sportsbook.wallet.WalletIntegrationTests" time="0.225">
    <system-out><![CDATA[Hibernate: 
    select
        u1_0.id,
        u1_0.created_at,
        u1_0.email,
        u1_0.email_verified,
        u1_0.kyc_status,
        u1_0.password_hash,
        u1_0.phone_verified,
        u1_0.status,
        u1_0.updated_at,
        u1_0.version 
    from
        users u1_0 
    where
        u1_0.email=?
Hibernate: 
    select
        r1_0.id,
        r1_0.name 
    from
        roles r1_0 
    where
        r1_0.name=?
Hibernate: 
    insert 
    into
        users
        (created_at, email, email_verified, kyc_status, password_hash, phone_verified, status, updated_at, version, id) 
    values
        (?, ?, ?, ?, ?, ?, ?, ?, ?, default)
Hibernate: 
    insert 
    into
        wallets
        (available_balance, currency, reserved_balance, user_id, version, id) 
    values
        (?, ?, ?, ?, ?, default)
Hibernate: 
    insert 
    into
        user_roles
        (user_id, role_id) 
    values
        (?, ?)
Hibernate: 
    select
        u1_0.id,
        u1_0.created_at,
        u1_0.email,
        u1_0.email_verified,
        u1_0.kyc_status,
        u1_0.password_hash,
        u1_0.phone_verified,
        u1_0.status,
        u1_0.updated_at,
        u1_0.version 
    from
        users u1_0 
    where
        u1_0.email=?
Hibernate: 
    select
        r1_0.user_id,
        r1_1.id,
        r1_1.name 
    from
        user_roles r1_0 
    join
        roles r1_1 
            on r1_1.id=r1_0.role_id 
    where
        r1_0.user_id=?
Hibernate: 
    select
        u1_0.id,
        u1_0.created_at,
        u1_0.email,
        u1_0.email_verified,
        u1_0.kyc_status,
        u1_0.password_hash,
        u1_0.phone_verified,
        u1_0.status,
        u1_0.updated_at,
        u1_0.version 
    from
        users u1_0 
    where
        u1_0.email=?
Hibernate: 
    select
        r1_0.user_id,
        r1_1.id,
        r1_1.name 
    from
        user_roles r1_0 
    join
        roles r1_1 
            on r1_1.id=r1_0.role_id 
    where
        r1_0.user_id=?
Hibernate: 
    select
        we1_0.id,
        we1_0.amount,
        we1_0.balance_after,
        we1_0.created_at,
        we1_0.idempotency_key,
        we1_0.reference_id,
        we1_0.reference_type,
        we1_0.type,
        we1_0.wallet_id 
    from
        wallet_entries we1_0 
    where
        we1_0.idempotency_key=?
Hibernate: 
    select
        w1_0.id,
        w1_0.available_balance,
        w1_0.currency,
        w1_0.reserved_balance,
        w1_0.user_id,
        w1_0.version 
    from
        wallets w1_0 
    where
        w1_0.user_id=?
Hibernate: 
    insert 
    into
        wallet_entries
        (amount, balance_after, created_at, idempotency_key, reference_id, reference_type, type, wallet_id, id) 
    values
        (?, ?, ?, ?, ?, ?, ?, ?, default)
Hibernate: 
    update
        wallets 
    set
        available_balance=?,
        currency=?,
        reserved_balance=?,
        user_id=?,
        version=? 
    where
        id=? 
        and version=?
Hibernate: 
    select
        u1_0.id,
        u1_0.created_at,
        u1_0.email,
        u1_0.email_verified,
        u1_0.kyc_status,
        u1_0.password_hash,
        u1_0.phone_verified,
        u1_0.status,
        u1_0.updated_at,
        u1_0.version 
    from
        users u1_0 
    where
        u1_0.email=?
Hibernate: 
    select
        r1_0.user_id,
        r1_1.id,
        r1_1.name 
    from
        user_roles r1_0 
    join
        roles r1_1 
            on r1_1.id=r1_0.role_id 
    where
        r1_0.user_id=?
Hibernate: 
    select
        w1_0.id,
        w1_0.available_balance,
        w1_0.currency,
        w1_0.reserved_balance,
        w1_0.user_id,
        w1_0.version 
    from
        wallets w1_0 
    where
        w1_0.user_id=?
]]></system-out>
  </testcase>
  <testcase name="newUserHasEmptyWallet" classname="com.example.sportsbook.wallet.WalletIntegrationTests" time="0.186">
    <system-out><![CDATA[Hibernate: 
    select
        u1_0.id,
        u1_0.created_at,
        u1_0.email,
        u1_0.email_verified,
        u1_0.kyc_status,
        u1_0.password_hash,
        u1_0.phone_verified,
        u1_0.status,
        u1_0.updated_at,
        u1_0.version 
    from
        users u1_0 
    where
        u1_0.email=?
Hibernate: 
    select
        r1_0.id,
        r1_0.name 
    from
        roles r1_0 
    where
        r1_0.name=?
Hibernate: 
    insert 
    into
        users
        (created_at, email, email_verified, kyc_status, password_hash, phone_verified, status, updated_at, version, id) 
    values
        (?, ?, ?, ?, ?, ?, ?, ?, ?, default)
Hibernate: 
    insert 
    into
        wallets
        (available_balance, currency, reserved_balance, user_id, version, id) 
    values
        (?, ?, ?, ?, ?, default)
Hibernate: 
    insert 
    into
        user_roles
        (user_id, role_id) 
    values
        (?, ?)
Hibernate: 
    select
        u1_0.id,
        u1_0.created_at,
        u1_0.email,
        u1_0.email_verified,
        u1_0.kyc_status,
        u1_0.password_hash,
        u1_0.phone_verified,
        u1_0.status,
        u1_0.updated_at,
        u1_0.version 
    from
        users u1_0 
    where
        u1_0.email=?
Hibernate: 
    select
        r1_0.user_id,
        r1_1.id,
        r1_1.name 
    from
        user_roles r1_0 
    join
        roles r1_1 
            on r1_1.id=r1_0.role_id 
    where
        r1_0.user_id=?
Hibernate: 
    select
        u1_0.id,
        u1_0.created_at,
        u1_0.email,
        u1_0.email_verified,
        u1_0.kyc_status,
        u1_0.password_hash,
        u1_0.phone_verified,
        u1_0.status,
        u1_0.updated_at,
        u1_0.version 
    from
        users u1_0 
    where
        u1_0.email=?
Hibernate: 
    select
        r1_0.user_id,
        r1_1.id,
        r1_1.name 
    from
        user_roles r1_0 
    join
        roles r1_1 
            on r1_1.id=r1_0.role_id 
    where
        r1_0.user_id=?
Hibernate: 
    select
        w1_0.id,
        w1_0.available_balance,
        w1_0.currency,
        w1_0.reserved_balance,
        w1_0.user_id,
        w1_0.version 
    from
        wallets w1_0 
    where
        w1_0.user_id=?
]]></system-out>
  </testcase>
  <testcase name="depositIsIdempotent" classname="com.example.sportsbook.wallet.WalletIntegrationTests" time="0.197">
    <system-out><![CDATA[Hibernate: 
    select
        u1_0.id,
        u1_0.created_at,
        u1_0.email,
        u1_0.email_verified,
        u1_0.kyc_status,
        u1_0.password_hash,
        u1_0.phone_verified,
        u1_0.status,
        u1_0.updated_at,
        u1_0.version 
    from
        users u1_0 
    where
        u1_0.email=?
Hibernate: 
    select
        r1_0.id,
        r1_0.name 
    from
        roles r1_0 
    where
        r1_0.name=?
Hibernate: 
    insert 
    into
        users
        (created_at, email, email_verified, kyc_status, password_hash, phone_verified, status, updated_at, version, id) 
    values
        (?, ?, ?, ?, ?, ?, ?, ?, ?, default)
Hibernate: 
    insert 
    into
        wallets
        (available_balance, currency, reserved_balance, user_id, version, id) 
    values
        (?, ?, ?, ?, ?, default)
Hibernate: 
    insert 
    into
        user_roles
        (user_id, role_id) 
    values
        (?, ?)
Hibernate: 
    select
        u1_0.id,
        u1_0.created_at,
        u1_0.email,
        u1_0.email_verified,
        u1_0.kyc_status,
        u1_0.password_hash,
        u1_0.phone_verified,
        u1_0.status,
        u1_0.updated_at,
        u1_0.version 
    from
        users u1_0 
    where
        u1_0.email=?
Hibernate: 
    select
        r1_0.user_id,
        r1_1.id,
        r1_1.name 
    from
        user_roles r1_0 
    join
        roles r1_1 
            on r1_1.id=r1_0.role_id 
    where
        r1_0.user_id=?
Hibernate: 
    select
        u1_0.id,
        u1_0.created_at,
        u1_0.email,
        u1_0.email_verified,
        u1_0.kyc_status,
        u1_0.password_hash,
        u1_0.phone_verified,
        u1_0.status,
        u1_0.updated_at,
        u1_0.version 
    from
        users u1_0 
    where
        u1_0.email=?
Hibernate: 
    select
        r1_0.user_id,
        r1_1.id,
        r1_1.name 
    from
        user_roles r1_0 
    join
        roles r1_1 
            on r1_1.id=r1_0.role_id 
    where
        r1_0.user_id=?
Hibernate: 
    select
        we1_0.id,
        we1_0.amount,
        we1_0.balance_after,
        we1_0.created_at,
        we1_0.idempotency_key,
        we1_0.reference_id,
        we1_0.reference_type,
        we1_0.type,
        we1_0.wallet_id 
    from
        wallet_entries we1_0 
    where
        we1_0.idempotency_key=?
Hibernate: 
    select
        w1_0.id,
        w1_0.available_balance,
        w1_0.currency,
        w1_0.reserved_balance,
        w1_0.user_id,
        w1_0.version 
    from
        wallets w1_0 
    where
        w1_0.user_id=?
Hibernate: 
    insert 
    into
        wallet_entries
        (amount, balance_after, created_at, idempotency_key, reference_id, reference_type, type, wallet_id, id) 
    values
        (?, ?, ?, ?, ?, ?, ?, ?, default)
Hibernate: 
    update
        wallets 
    set
        available_balance=?,
        currency=?,
        reserved_balance=?,
        user_id=?,
        version=? 
    where
        id=? 
        and version=?
Hibernate: 
    select
        u1_0.id,
        u1_0.created_at,
        u1_0.email,
        u1_0.email_verified,
        u1_0.kyc_status,
        u1_0.password_hash,
        u1_0.phone_verified,
        u1_0.status,
        u1_0.updated_at,
        u1_0.version 
    from
        users u1_0 
    where
        u1_0.email=?
Hibernate: 
    select
        r1_0.user_id,
        r1_1.id,
        r1_1.name 
    from
        user_roles r1_0 
    join
        roles r1_1 
            on r1_1.id=r1_0.role_id 
    where
        r1_0.user_id=?
Hibernate: 
    select
        we1_0.id,
        we1_0.amount,
        we1_0.balance_after,
        we1_0.created_at,
        we1_0.idempotency_key,
        we1_0.reference_id,
        we1_0.reference_type,
        we1_0.type,
        we1_0.wallet_id 
    from
        wallet_entries we1_0 
    where
        we1_0.idempotency_key=?
Hibernate: 
    select
        u1_0.id,
        u1_0.created_at,
        u1_0.email,
        u1_0.email_verified,
        u1_0.kyc_status,
        u1_0.password_hash,
        u1_0.phone_verified,
        u1_0.status,
        u1_0.updated_at,
        u1_0.version 
    from
        users u1_0 
    where
        u1_0.email=?
Hibernate: 
    select
        r1_0.user_id,
        r1_1.id,
        r1_1.name 
    from
        user_roles r1_0 
    join
        roles r1_1 
            on r1_1.id=r1_0.role_id 
    where
        r1_0.user_id=?
Hibernate: 
    select
        w1_0.id,
        w1_0.available_balance,
        w1_0.currency,
        w1_0.reserved_balance,
        w1_0.user_id,
        w1_0.version 
    from
        wallets w1_0 
    where
        w1_0.user_id=?
]]></system-out>
  </testcase>
  <testcase name="withdrawDecreasesBalance" classname="com.example.sportsbook.wallet.WalletIntegrationTests" time="0.202">
    <system-out><![CDATA[Hibernate: 
    select
        u1_0.id,
        u1_0.created_at,
        u1_0.email,
        u1_0.email_verified,
        u1_0.kyc_status,
        u1_0.password_hash,
        u1_0.phone_verified,
        u1_0.status,
        u1_0.updated_at,
        u1_0.version 
    from
        users u1_0 
    where
        u1_0.email=?
Hibernate: 
    select
        r1_0.id,
        r1_0.name 
    from
        roles r1_0 
    where
        r1_0.name=?
Hibernate: 
    insert 
    into
        users
        (created_at, email, email_verified, kyc_status, password_hash, phone_verified, status, updated_at, version, id) 
    values
        (?, ?, ?, ?, ?, ?, ?, ?, ?, default)
Hibernate: 
    insert 
    into
        wallets
        (available_balance, currency, reserved_balance, user_id, version, id) 
    values
        (?, ?, ?, ?, ?, default)
Hibernate: 
    insert 
    into
        user_roles
        (user_id, role_id) 
    values
        (?, ?)
Hibernate: 
    select
        u1_0.id,
        u1_0.created_at,
        u1_0.email,
        u1_0.email_verified,
        u1_0.kyc_status,
        u1_0.password_hash,
        u1_0.phone_verified,
        u1_0.status,
        u1_0.updated_at,
        u1_0.version 
    from
        users u1_0 
    where
        u1_0.email=?
Hibernate: 
    select
        r1_0.user_id,
        r1_1.id,
        r1_1.name 
    from
        user_roles r1_0 
    join
        roles r1_1 
            on r1_1.id=r1_0.role_id 
    where
        r1_0.user_id=?
Hibernate: 
    select
        u1_0.id,
        u1_0.created_at,
        u1_0.email,
        u1_0.email_verified,
        u1_0.kyc_status,
        u1_0.password_hash,
        u1_0.phone_verified,
        u1_0.status,
        u1_0.updated_at,
        u1_0.version 
    from
        users u1_0 
    where
        u1_0.email=?
Hibernate: 
    select
        r1_0.user_id,
        r1_1.id,
        r1_1.name 
    from
        user_roles r1_0 
    join
        roles r1_1 
            on r1_1.id=r1_0.role_id 
    where
        r1_0.user_id=?
Hibernate: 
    select
        we1_0.id,
        we1_0.amount,
        we1_0.balance_after,
        we1_0.created_at,
        we1_0.idempotency_key,
        we1_0.reference_id,
        we1_0.reference_type,
        we1_0.type,
        we1_0.wallet_id 
    from
        wallet_entries we1_0 
    where
        we1_0.idempotency_key=?
Hibernate: 
    select
        w1_0.id,
        w1_0.available_balance,
        w1_0.currency,
        w1_0.reserved_balance,
        w1_0.user_id,
        w1_0.version 
    from
        wallets w1_0 
    where
        w1_0.user_id=?
Hibernate: 
    insert 
    into
        wallet_entries
        (amount, balance_after, created_at, idempotency_key, reference_id, reference_type, type, wallet_id, id) 
    values
        (?, ?, ?, ?, ?, ?, ?, ?, default)
Hibernate: 
    update
        wallets 
    set
        available_balance=?,
        currency=?,
        reserved_balance=?,
        user_id=?,
        version=? 
    where
        id=? 
        and version=?
Hibernate: 
    select
        u1_0.id,
        u1_0.created_at,
        u1_0.email,
        u1_0.email_verified,
        u1_0.kyc_status,
        u1_0.password_hash,
        u1_0.phone_verified,
        u1_0.status,
        u1_0.updated_at,
        u1_0.version 
    from
        users u1_0 
    where
        u1_0.email=?
Hibernate: 
    select
        r1_0.user_id,
        r1_1.id,
        r1_1.name 
    from
        user_roles r1_0 
    join
        roles r1_1 
            on r1_1.id=r1_0.role_id 
    where
        r1_0.user_id=?
Hibernate: 
    select
        we1_0.id,
        we1_0.amount,
        we1_0.balance_after,
        we1_0.created_at,
        we1_0.idempotency_key,
        we1_0.reference_id,
        we1_0.reference_type,
        we1_0.type,
        we1_0.wallet_id 
    from
        wallet_entries we1_0 
    where
        we1_0.idempotency_key=?
Hibernate: 
    select
        w1_0.id,
        w1_0.available_balance,
        w1_0.currency,
        w1_0.reserved_balance,
        w1_0.user_id,
        w1_0.version 
    from
        wallets w1_0 
    where
        w1_0.user_id=?
Hibernate: 
    insert 
    into
        wallet_entries
        (amount, balance_after, created_at, idempotency_key, reference_id, reference_type, type, wallet_id, id) 
    values
        (?, ?, ?, ?, ?, ?, ?, ?, default)
Hibernate: 
    update
        wallets 
    set
        available_balance=?,
        currency=?,
        reserved_balance=?,
        user_id=?,
        version=? 
    where
        id=? 
        and version=?
Hibernate: 
    select
        u1_0.id,
        u1_0.created_at,
        u1_0.email,
        u1_0.email_verified,
        u1_0.kyc_status,
        u1_0.password_hash,
        u1_0.phone_verified,
        u1_0.status,
        u1_0.updated_at,
        u1_0.version 
    from
        users u1_0 
    where
        u1_0.email=?
Hibernate: 
    select
        r1_0.user_id,
        r1_1.id,
        r1_1.name 
    from
        user_roles r1_0 
    join
        roles r1_1 
            on r1_1.id=r1_0.role_id 
    where
        r1_0.user_id=?
Hibernate: 
    select
        w1_0.id,
        w1_0.available_balance,
        w1_0.currency,
        w1_0.reserved_balance,
        w1_0.user_id,
        w1_0.version 
    from
        wallets w1_0 
    where
        w1_0.user_id=?
]]></system-out>
  </testcase>
</testsuite>